<?xml version="1.0" encoding="UTF-8"?>
<testsuite xmlns:xsi="http://www.w3.org/2001/XMLSchema-instance" xsi:noNamespaceSchemaLocation="https://maven.apache.org/surefire/maven-surefire-plugin/xsd/surefire-test-report.xsd" version="3.0.1" name="TestSuite" time="1.576" tests="10" errors="0" skipped="9" failures="1">
  <properties>
[...]
</properties>
  <testcase name="setup" classname="tests.LoginTest" time="0.948">
    <failure message="Failed to read property: browser from file: C:\Automation Project\EcommerceAutomation\Config.null.properties" type="java.lang.RuntimeException"><![CDATA[java.lang.RuntimeException: Failed to read property: browser from file: C:\Automation Project\EcommerceAutomation\Config.null.properties
	at helperUtils.ConfigPropertyReader.getProperty(ConfigPropertyReader.java:30)
	at framework.PreAndPostTestEvents.setup(PreAndPostTestEvents.java:33)
	at java.base/jdk.internal.reflect.NativeMethodAccessorImpl.invoke0(Native Method)
	at java.base/jdk.internal.reflect.NativeMethodAccessorImpl.invoke(NativeMethodAccessorImpl.java:62)
	at java.base/jdk.internal.reflect.DelegatingMethodAccessorImpl.invoke(DelegatingMethodAccessorImpl.java:43)
	at java.base/java.lang.reflect.Method.invoke(Method.java:566)
	at org.testng.internal.invokers.MethodInvocationHelper.invokeMethod(MethodInvocationHelper.java:139)
	at org.testng.internal.invokers.MethodInvocationHelper.invokeMethodConsideringTimeout(MethodInvocationHelper.java:69)
	at org.testng.internal.invokers.ConfigInvoker.invokeConfigurationMethod(ConfigInvoker.java:393)
	at org.testng.internal.invokers.ConfigInvoker.invokeConfigurations(ConfigInvoker.java:326)
	at org.testng.internal.invokers.TestMethodWorker.invokeBeforeClassMethods(TestMethodWorker.java:180)
	at org.testng.internal.invokers.TestMethodWorker.run(TestMethodWorker.java:122)
	at java.base/java.util.ArrayList.forEach(ArrayList.java:1541)
	at org.testng.TestRunner.privateRun(TestRunner.java:819)
	at org.testng.TestRunner.run(TestRunner.java:619)
	at org.testng.SuiteRunner.runTest(SuiteRunner.java:443)
	at org.testng.SuiteRunner.runSequentially(SuiteRunner.java:437)
	at org.testng.SuiteRunner.privateRun(SuiteRunner.java:397)
	at org.testng.SuiteRunner.run(SuiteRunner.java:336)
	at org.testng.SuiteRunnerWorker.runSuite(SuiteRunnerWorker.java:52)
	at org.testng.SuiteRunnerWorker.run(SuiteRunnerWorker.java:95)
	at org.testng.TestNG.runSuitesSequentially(TestNG.java:1301)
	at org.testng.TestNG.runSuitesLocally(TestNG.java:1228)
	at org.testng.TestNG.runSuites(TestNG.java:1134)
	at org.testng.TestNG.run(TestNG.java:1101)
	at org.apache.maven.surefire.testng.TestNGExecutor.run(TestNGExecutor.java:308)
	at org.apache.maven.surefire.testng.TestNGXmlTestSuite.execute(TestNGXmlTestSuite.java:71)
	at org.apache.maven.surefire.testng.TestNGProvider.invoke(TestNGProvider.java:113)
	at org.apache.maven.surefire.booter.ForkedBooter.runSuitesInProcess(ForkedBooter.java:385)
	at org.apache.maven.surefire.booter.ForkedBooter.execute(ForkedBooter.java:162)
	at org.apache.maven.surefire.booter.ForkedBooter.run(ForkedBooter.java:507)
	at org.apache.maven.surefire.booter.ForkedBooter.main(ForkedBooter.java:495)
Caused by: java.io.FileNotFoundException: C:\Automation Project\EcommerceAutomation\Config.null.properties (The system cannot find the file specified)
	at java.base/java.io.FileInputStream.open0(Native Method)
	at java.base/java.io.FileInputStream.open(FileInputStream.java:219)
	at java.base/java.io.FileInputStream.<init>(FileInputStream.java:157)
	at java.base/java.io.FileInputStream.<init>(FileInputStream.java:112)
	at helperUtils.ConfigPropertyReader.getProperty(ConfigPropertyReader.java:21)
	... 31 more
]]></failure>
    <system-out><![CDATA[Directory already exists: C:\Automation Project\EcommerceAutomation\TestReport
ExtentReport Path for WINDOWS: C:\Automation Project\EcommerceAutomation\TestReport

Extent Reports Version 3 Test Suite started!
]]></system-out>
    <system-err><![CDATA[SLF4J: Failed to load class "org.slf4j.impl.StaticLoggerBinder".
SLF4J: Defaulting to no-operation (NOP) logger implementation
SLF4J: See http://www.slf4j.org/codes.html#StaticLoggerBinder for further details.
]]></system-err>
  </testcase>
  <testcase name="Initialization" classname="tests.LoginTest" time="0.0">
    <skipped/>
  </testcase>
  <testcase name="Initialization" classname="tests.LoginTest" time="0.0">
    <skipped/>
  </testcase>
  <testcase name="init" classname="tests.LoginTest" time="0.0">
    <skipped/>
  </testcase>
  <testcase name="init" classname="tests.LoginTest" time="0.0">
    <skipped/>
  </testcase>
  <testcase name="TC01_loginToWbsite" classname="tests.LoginTest" time="0.0">
    <skipped message="Failed to read property: browser from file: C:\Automation Project\EcommerceAutomation\Config.null.properties"/>
    <system-out><![CDATA[1. Login to E-commerce website started!
]]></system-out>
  </testcase>
  <testcase name="captureScreenShotIfFailure" classname="tests.LoginTest" time="0.0">
    <skipped/>
    <system-out><![CDATA[TC01_loginToWbsite skipped!
]]></system-out>
  </testcase>
  <testcase name="captureScreenShotIfFailure" classname="tests.LoginTest" time="0.0">
    <skipped/>
    <system-out><![CDATA[TC02_logoutFromWebsite skipped!
]]></system-out>
  </testcase>
  <testcase name="TC02_logoutFromWebsite" classname="tests.LoginTest" time="0.0">
    <skipped message="Failed to read property: browser from file: C:\Automation Project\EcommerceAutomation\Config.null.properties"/>
    <system-out><![CDATA[2. Logout from E-commerce website started!
]]></system-out>
  </testcase>
  <testcase name="tearDown" classname="tests.LoginTest" time="0.0">
    <skipped/>
  </testcase>
</testsuite>