<?xml version="1.0" encoding="UTF-8"?>
<!-- Generated by org.testng.reporters.JUnitXMLReporter -->
<testsuite ignored="0" hostname="UditJ" failures="0" tests="2" name="Login Test" time="0.113" errors="0" timestamp="2026-03-08T15:59:06 IST">
  <testcase classname="framework.PreAndPostTestEvents" name="@BeforeClass setup" time="0.02">
    <failure type="java.lang.RuntimeException" message="Failed to read property: browser from file: C:\Automation Project\EcommerceAutomation\Config.null.properties">
      <![CDATA[java.lang.RuntimeException: Failed to read property: browser from file: C:\Automation Project\EcommerceAutomation\Config.null.properties
at helperUtils.ConfigPropertyReader.getProperty(ConfigPropertyReader.java:30)
at framework.PreAndPostTestEvents.setup(PreAndPostTestEvents.java:33)
at java.base/java.util.ArrayList.forEach(ArrayList.java:1541)
Caused by: java.io.FileNotFoundException: C:\Automation Project\EcommerceAutomation\Config.null.properties (The system cannot find the file specified)
at java.base/java.io.FileInputStream.open0(Native Method)
at java.base/java.io.FileInputStream.open(FileInputStream.java:219)
at java.base/java.io.FileInputStream.<init>(FileInputStream.java:157)
at java.base/java.io.FileInputStream.<init>(FileInputStream.java:112)
at helperUtils.ConfigPropertyReader.getProperty(ConfigPropertyReader.java:21)
... 31 more
... Removed 29 stack frames]]>
    </failure>
  </testcase> <!-- @BeforeClass setup -->
  <testcase classname="framework.PreAndPostTestEvents" name="@BeforeMethod Initialization" time="0.0">
    <skipped/>
  </testcase> <!-- @BeforeMethod Initialization -->
  <testcase classname="tests.LoginTest" name="@BeforeMethod init" time="0.0">
    <skipped/>
  </testcase> <!-- @BeforeMethod init -->
  <testcase classname="framework.PreAndPostTestEvents" name="@AfterMethod captureScreenShotIfFailure" time="0.0">
    <skipped/>
  </testcase> <!-- @AfterMethod captureScreenShotIfFailure -->
  <testcase classname="framework.PreAndPostTestEvents" name="@BeforeMethod Initialization" time="0.0">
    <skipped/>
  </testcase> <!-- @BeforeMethod Initialization -->
  <testcase classname="tests.LoginTest" name="@BeforeMethod init" time="0.0">
    <skipped/>
  </testcase> <!-- @BeforeMethod init -->
  <testcase classname="framework.PreAndPostTestEvents" name="@AfterMethod captureScreenShotIfFailure" time="0.0">
    <skipped/>
  </testcase> <!-- @AfterMethod captureScreenShotIfFailure -->
  <testcase classname="framework.PreAndPostTestEvents" name="@AfterClass tearDown" time="0.0">
    <skipped/>
  </testcase> <!-- @AfterClass tearDown -->
  <testcase classname="tests.LoginTest" name="TC01_loginToWbsite" time="0.0">
    <skipped/>
  </testcase> <!-- TC01_loginToWbsite -->
  <testcase classname="tests.LoginTest" name="TC02_logoutFromWebsite" time="0.0">
    <skipped/>
  </testcase> <!-- TC02_logoutFromWebsite -->
</testsuite> <!-- Login Test -->
