<?xml version="1.0" encoding="UTF-8"?>
<!-- Generated by org.testng.reporters.JUnitReportReporter -->
<testsuite hostname="UditJ" failures="0" tests="2" name="tests.LoginTest" time="22.313" errors="0" timestamp="2026-03-14T16:20:30 IST" skipped="0">
  <testcase classname="tests.LoginTest" name="TC01_loginToWbsite" time="15.949"/>
  <system-out>
    <![CDATA[✔ ASSERT PASSED: element input is displayed.
Entered Text Admin  in the  element
✔ ASSERT PASSED: element input is displayed.
Entered Text admin123  in the  element
✔ ASSERT PASSED: element button is displayed.
✔ Clicked Element [[ChromeDriver: chrome on windows (0754e3d2e75d2750f6fb89b16a8d59ce)] -> xpath: //button[@type='submit']] Successfully!
✔ ASSERT PASSED: element img is displayed.]]>
  </system-out>
  <testcase classname="tests.LoginTest" name="TC02_logoutFromWebsite" time="6.364"/>
  <system-out>
    <![CDATA[✔ ASSERT PASSED: element img is displayed.
✔ Clicked Element [[ChromeDriver: chrome on windows (0754e3d2e75d2750f6fb89b16a8d59ce)] -> css selector: img.oxd-userdropdown-img] Successfully!
✔ ASSERT PASSED: element a is displayed.
✔ Clicked Element [[ChromeDriver: chrome on windows (0754e3d2e75d2750f6fb89b16a8d59ce)] -> xpath: //a[contains(text(),'Logout')]] Successfully!
✔ ASSERT PASSED: element button is displayed.]]>
  </system-out>
</testsuite> <!-- tests.LoginTest -->
