<?xml version="1.0" encoding="UTF-8"?>
<!-- Generated by org.testng.reporters.JUnitReportReporter -->
<testsuite hostname="UditJ" failures="0" tests="3" name="tests.LoginNegativeTest" time="46.229" errors="0" timestamp="2026-03-14T21:17:01 IST" skipped="0">
  <testcase classname="tests.LoginNegativeTest" name="TC03_ForgotPasswordPageValidation" time="9.580"/>
  <system-out>
    <![CDATA[✔ ASSERT PASSED: element p is displayed.
✔ Clicked Element [[ChromeDriver: chrome on windows (5b61a87a0364d205d3a679b5fe9e53c4)] -> xpath: //p[text()='Forgot your password? ']] Successfully!
✔ ASSERT PASSED: element button is displayed.
✔ Clicked Element [[ChromeDriver: chrome on windows (5b61a87a0364d205d3a679b5fe9e53c4)] -> xpath: //button[text()=' Reset Password ']] Successfully!
✔ ASSERT PASSED: element span is displayed.
✔ ASSERT PASSED: element button is displayed.
✔ Clicked Element [[ChromeDriver: chrome on windows (5b61a87a0364d205d3a679b5fe9e53c4)] -> xpath: //button[text()=' Cancel ']] Successfully!
✔ ASSERT PASSED: element button is displayed.]]>
  </system-out>
  <testcase classname="tests.LoginNegativeTest" name="TC02_InvalidCredsTest" time="8.852"/>
  <system-out>
    <![CDATA[✔ ASSERT PASSED: element input is displayed.
Entered Text admin  in the  element
✔ ASSERT PASSED: element input is displayed.
Entered Text Admin1234  in the  element
✔ ASSERT PASSED: element button is displayed.
✔ Clicked Element [[ChromeDriver: chrome on windows (5b61a87a0364d205d3a679b5fe9e53c4)] -> xpath: //button[@type='submit']] Successfully!
✔ ASSERT PASSED: element p is displayed.]]>
  </system-out>
  <testcase classname="tests.LoginNegativeTest" name="TC01_EmptyFiledsTest" time="27.797"/>
  <system-out>
    <![CDATA[✔ ASSERT PASSED: element button is displayed.
✔ Clicked Element [[ChromeDriver: chrome on windows (5b61a87a0364d205d3a679b5fe9e53c4)] -> xpath: //button[@type='submit']] Successfully!
✔ ASSERT PASSED: element span is displayed.
✔ ASSERT PASSED: element span is displayed.]]>
  </system-out>
</testsuite> <!-- tests.LoginNegativeTest -->
